#
# There is insufficient memory for the Java Runtime Environment to continue.
# Native memory allocation (mmap) failed to map 3145728 bytes for G1 virtual space
# Possible reasons:
#   The system is out of physical RAM or swap space
#   The process is running with CompressedOops enabled, and the Java Heap may be blocking the growth of the native heap
# Possible solutions:
#   Reduce memory load on the system
#   Increase physical memory or swap space
#   Check if swap backing store is full
#   Decrease Java heap size (-Xmx/-Xms)
#   Decrease number of Java threads
#   Decrease Java thread stack sizes (-Xss)
#   Set larger code cache with -XX:ReservedCodeCacheSize=
#   JVM is running with Unscaled Compressed Oops mode in which the Java heap is
#     placed in the first 4GB address space. The Java Heap base address is the
#     maximum limit for the native heap growth. Please use -XX:HeapBaseMinAddress
#     to set the Java Heap base and to place the Java Heap above 4GB virtual address.
# This output file may be truncated or incomplete.
#
#  Out of Memory Error (os_windows.cpp:3548), pid=22664, tid=15284
#
# JRE version: Java(TM) SE Runtime Environment (17.0.11+7) (build 17.0.11+7-LTS-207)
# Java VM: Java HotSpot(TM) 64-Bit Server VM (17.0.11+7-LTS-207, mixed mode, emulated-client, sharing, tiered, compressed oops, compressed class ptrs, g1 gc, windows-amd64)
# No core dump will be written. Minidumps are not enabled by default on client versions of Windows
#

---------------  S U M M A R Y ------------

Command Line: -Dcom.sun.management.jmxremote -Dcom.sun.management.jmxremote.port=61846 -Dcom.sun.management.jmxremote.authenticate=false -Dcom.sun.management.jmxremote.ssl=false -Djava.rmi.server.hostname=localhost -Dspring.jmx.enabled=true -Dmanagement.endpoints.jmx.exposure.include=* -Dspring.application.admin.enabled=true -XX:TieredStopAtLevel=1 -Dspring.boot.project.name=dummy-Frs-project -Dfile.encoding=UTF-8 -Dstdout.encoding=UTF-8 -Dstderr.encoding=UTF-8 -XX:+ShowCodeDetailsInExceptionMessages com.example.demo.DummyFrsProjectApplication --spring.output.ansi.enabled=always

Host: Intel(R) Core(TM) i3-8130U CPU @ 2.20GHz, 4 cores, 3G,  Windows 11 , 64 bit Build 26100 (10.0.26100.2161)
Time: Sun Nov 24 11:26:33 2024 India Standard Time elapsed time: 34.193099 seconds (0d 0h 0m 34s)

---------------  T H R E A D  ---------------

Current thread (0x0000029d29e49510):  VMThread "VM Thread" [stack: 0x000000d9fc600000,0x000000d9fc700000] [id=15284]

Stack: [0x000000d9fc600000,0x000000d9fc700000]
Native frames: (J=compiled Java code, j=interpreted, Vv=VM code, C=native code)
V  [jvm.dll+0x679cca]
V  [jvm.dll+0x7da13d]
V  [jvm.dll+0x7dba83]
V  [jvm.dll+0x7dc0f3]
V  [jvm.dll+0x2449af]
V  [jvm.dll+0x676ce9]
V  [jvm.dll+0x66b852]
V  [jvm.dll+0x3018d6]
V  [jvm.dll+0x308e76]
V  [jvm.dll+0x3596ee]
V  [jvm.dll+0x35991f]
V  [jvm.dll+0x2d89a8]
V  [jvm.dll+0x2dba16]
V  [jvm.dll+0x2e611b]
V  [jvm.dll+0x31a1a0]
V  [jvm.dll+0x7e09eb]
V  [jvm.dll+0x7e1724]
V  [jvm.dll+0x7e1c3d]
V  [jvm.dll+0x7e2014]
V  [jvm.dll+0x7e20e0]
V  [jvm.dll+0x78a85a]
V  [jvm.dll+0x678bb5]
C  [ucrtbase.dll+0x14ea0]
C  [KERNEL32.DLL+0x2dbe7]
C  [ntdll.dll+0xdfbec]

VM_Operation (0x000000d9fc2ff640): G1Concurrent, mode: safepoint, requested by thread 0x0000029d29dd4b50


---------------  P R O C E S S  ---------------

Threads class SMR info:
_java_thread_list=0x0000029d00ff85d0, length=24, elements={
0x0000029d29d8e560, 0x0000029d38df3370, 0x0000029d38df5170, 0x0000029d38e04ff0,
0x0000029d38e074e0, 0x0000029d38e099d0, 0x0000029d38e0a2c0, 0x0000029d38e0e860,
0x0000029d38e445a0, 0x0000029d29e3ee10, 0x0000029d7e077e90, 0x0000029d7e5236c0,
0x0000029d7e543910, 0x0000029d7e695440, 0x0000029d7e706220, 0x0000029d7e7449e0,
0x0000029d7e734af0, 0x0000029d7e541520, 0x0000029d7e541a30, 0x0000029d7e5405f0,
0x0000029d7e5400e0, 0x0000029d7e540b00, 0x0000029d00610300, 0x0000029d0060da80
}

Java Threads: ( => current thread )
  0x0000029d29d8e560 JavaThread "main" [_thread_blocked, id=18364, stack(0x000000d9fc000000,0x000000d9fc100000)]
  0x0000029d38df3370 JavaThread "Reference Handler" daemon [_thread_blocked, id=17288, stack(0x000000d9fc700000,0x000000d9fc800000)]
  0x0000029d38df5170 JavaThread "Finalizer" daemon [_thread_blocked, id=22640, stack(0x000000d9fc800000,0x000000d9fc900000)]
  0x0000029d38e04ff0 JavaThread "Signal Dispatcher" daemon [_thread_blocked, id=8588, stack(0x000000d9fc900000,0x000000d9fca00000)]
  0x0000029d38e074e0 JavaThread "Attach Listener" daemon [_thread_blocked, id=17896, stack(0x000000d9fca00000,0x000000d9fcb00000)]
  0x0000029d38e099d0 JavaThread "Service Thread" daemon [_thread_blocked, id=19964, stack(0x000000d9fcb00000,0x000000d9fcc00000)]
  0x0000029d38e0a2c0 JavaThread "Monitor Deflation Thread" daemon [_thread_blocked, id=20380, stack(0x000000d9fcc00000,0x000000d9fcd00000)]
  0x0000029d38e0e860 JavaThread "C1 CompilerThread0" daemon [_thread_blocked, id=13872, stack(0x000000d9fcd00000,0x000000d9fce00000)]
  0x0000029d38e445a0 JavaThread "Sweeper thread" daemon [_thread_blocked, id=13140, stack(0x000000d9fce00000,0x000000d9fcf00000)]
  0x0000029d29e3ee10 JavaThread "Common-Cleaner" daemon [_thread_blocked, id=22756, stack(0x000000d9fcf00000,0x000000d9fd000000)]
  0x0000029d7e077e90 JavaThread "Notification Thread" daemon [_thread_blocked, id=20900, stack(0x000000d9fd100000,0x000000d9fd200000)]
  0x0000029d7e5236c0 JavaThread "RMI TCP Accept-0" daemon [_thread_in_native, id=19420, stack(0x000000d9fd200000,0x000000d9fd300000)]
  0x0000029d7e543910 JavaThread "RMI TCP Accept-61846" daemon [_thread_in_native, id=19844, stack(0x000000d9fd300000,0x000000d9fd400000)]
  0x0000029d7e695440 JavaThread "RMI TCP Accept-0" daemon [_thread_in_native, id=17652, stack(0x000000d9fd400000,0x000000d9fd500000)]
  0x0000029d7e706220 JavaThread "RMI TCP Connection(idle)" daemon [_thread_blocked, id=13168, stack(0x000000d9fd600000,0x000000d9fd700000)]
  0x0000029d7e7449e0 JavaThread "RMI Scheduler(0)" daemon [_thread_blocked, id=19628, stack(0x000000d9fdb00000,0x000000d9fdc00000)]
  0x0000029d7e734af0 JavaThread "RMI TCP Connection(idle)" daemon [_thread_blocked, id=21992, stack(0x000000d9fdc00000,0x000000d9fdd00000)]
  0x0000029d7e541520 JavaThread "JMX server connection timeout 21" daemon [_thread_blocked, id=1248, stack(0x000000d9fdd00000,0x000000d9fde00000)]
  0x0000029d7e541a30 JavaThread "RMI TCP Connection(3)-127.0.0.1" daemon [_thread_blocked, id=20596, stack(0x000000d9fdf00000,0x000000d9fe000000)]
  0x0000029d7e5405f0 JavaThread "Catalina-utility-1" [_thread_blocked, id=22228, stack(0x000000d9fde00000,0x000000d9fdf00000)]
  0x0000029d7e5400e0 JavaThread "Catalina-utility-2" [_thread_blocked, id=22020, stack(0x000000d9fe000000,0x000000d9fe100000)]
  0x0000029d7e540b00 JavaThread "container-0" [_thread_blocked, id=15964, stack(0x000000d9fe100000,0x000000d9fe200000)]
  0x0000029d00610300 JavaThread "mysql-cj-abandoned-connection-cleanup" daemon [_thread_blocked, id=23036, stack(0x000000d9fd000000,0x000000d9fd100000)]
  0x0000029d0060da80 JavaThread "HikariPool-1 housekeeper" daemon [_thread_blocked, id=21964, stack(0x000000d9fe300000,0x000000d9fe400000)]

Other Threads:
=>0x0000029d29e49510 VMThread "VM Thread" [stack: 0x000000d9fc600000,0x000000d9fc700000] [id=15284]
  0x0000029d7e695920 WatcherThread [stack: 0x000000d9fd500000,0x000000d9fd600000] [id=15804]
  0x0000029d29dcbfb0 GCTaskThread "GC Thread#0" [stack: 0x000000d9fc100000,0x000000d9fc200000] [id=4144]
  0x0000029d7e6dc0a0 GCTaskThread "GC Thread#1" [stack: 0x000000d9fd700000,0x000000d9fd800000] [id=5532]
  0x0000029d7e71bd00 GCTaskThread "GC Thread#2" [stack: 0x000000d9fd800000,0x000000d9fd900000] [id=8860]
  0x0000029d7e71bfd0 GCTaskThread "GC Thread#3" [stack: 0x000000d9fd900000,0x000000d9fda00000] [id=22768]
  0x0000029d29dd4b50 ConcurrentGCThread "G1 Main Marker" [stack: 0x000000d9fc200000,0x000000d9fc300000] [id=11556]
  0x0000029d29dd5470 ConcurrentGCThread "G1 Conc#0" [stack: 0x000000d9fc300000,0x000000d9fc400000] [id=13508]
  0x0000029d29e24f50 ConcurrentGCThread "G1 Refine#0" [stack: 0x000000d9fc400000,0x000000d9fc500000] [id=21312]
  0x0000029d7e17f4d0 ConcurrentGCThread "G1 Refine#1" [stack: 0x000000d9fda00000,0x000000d9fdb00000] [id=8564]
  0x0000029d29e28920 ConcurrentGCThread "G1 Service" [stack: 0x000000d9fc500000,0x000000d9fc600000] [id=8896]

Threads with active compile tasks:

VM state: at safepoint (normal execution)

VM Mutex/Monitor currently owned by a thread:  ([mutex/lock_event])
[0x0000029d29d8bb80] Threads_lock - owner thread: 0x0000029d29e49510
[0x0000029d29d8bc10] Heap_lock - owner thread: 0x0000029d29dd4b50

Heap address: 0x00000000c1600000, size: 1002 MB, Compressed Oops mode: 32-bit

CDS archive(s) mapped at: [0x0000029d39000000-0x0000029d39bd0000-0x0000029d39bd0000), size 12386304, SharedBaseAddress: 0x0000029d39000000, ArchiveRelocationMode: 1.
Compressed class space mapped at: 0x0000029d3a000000-0x0000029d7a000000, reserved size: 1073741824
Narrow klass base: 0x0000029d39000000, Narrow klass shift: 0, Narrow klass range: 0x100000000

GC Precious Log:
 CPUs: 4 total, 4 available
 Memory: 4001M
 Large Page Support: Disabled
 NUMA Support: Disabled
 Compressed Oops: Enabled (32-bit)
 Heap Region Size: 1M
 Heap Min Capacity: 8M
 Heap Initial Capacity: 64M
 Heap Max Capacity: 1002M
 Pre-touch: Disabled
 Parallel Workers: 4
 Concurrent Workers: 1
 Concurrent Refinement Workers: 4
 Periodic GC: Disabled

Heap:
 garbage-first heap   total 55296K, used 32666K [0x00000000c1600000, 0x0000000100000000)
  region size 1024K, 4 young (4096K), 2 survivors (2048K)
 Metaspace       used 65012K, committed 65600K, reserved 1114112K
  class space    used 9266K, committed 9536K, reserved 1048576K

Heap Regions: E=young(eden), S=young(survivor), O=old, HS=humongous(starts), HC=humongous(continues), CS=collection set, F=free, OA=open archive, CA=closed archive, TAMS=top-at-mark-start (previous, next)
|   0|0x00000000c1600000, 0x00000000c1700000, 0x00000000c1700000|100%|HS|  |TAMS 0x00000000c1700000, 0x00000000c1600000| Complete 
|   1|0x00000000c1700000, 0x00000000c1800000, 0x00000000c1800000|100%| O|  |TAMS 0x00000000c1800000, 0x00000000c1700000| Untracked 
|   2|0x00000000c1800000, 0x00000000c1900000, 0x00000000c1900000|100%| O|  |TAMS 0x00000000c1900000, 0x00000000c1800000| Untracked 
|   3|0x00000000c1900000, 0x00000000c1a00000, 0x00000000c1a00000|100%| O|  |TAMS 0x00000000c1a00000, 0x00000000c1900000| Untracked 
|   4|0x00000000c1a00000, 0x00000000c1b00000, 0x00000000c1b00000|100%| O|  |TAMS 0x00000000c1b00000, 0x00000000c1a00000| Untracked 
|   5|0x00000000c1b00000, 0x00000000c1c00000, 0x00000000c1c00000|100%| O|  |TAMS 0x00000000c1c00000, 0x00000000c1b00000| Untracked 
|   6|0x00000000c1c00000, 0x00000000c1d00000, 0x00000000c1d00000|100%| O|  |TAMS 0x00000000c1d00000, 0x00000000c1c00000| Untracked 
|   7|0x00000000c1d00000, 0x00000000c1e00000, 0x00000000c1e00000|100%| O|  |TAMS 0x00000000c1e00000, 0x00000000c1d00000| Untracked 
|   8|0x00000000c1e00000, 0x00000000c1f00000, 0x00000000c1f00000|100%| O|  |TAMS 0x00000000c1f00000, 0x00000000c1e00000| Untracked 
|   9|0x00000000c1f00000, 0x00000000c2000000, 0x00000000c2000000|100%| O|  |TAMS 0x00000000c2000000, 0x00000000c1f00000| Updating 
|  10|0x00000000c2000000, 0x00000000c2100000, 0x00000000c2100000|100%| O|  |TAMS 0x00000000c2100000, 0x00000000c2000000| Untracked 
|  11|0x00000000c2100000, 0x00000000c2200000, 0x00000000c2200000|100%| O|  |TAMS 0x00000000c2200000, 0x00000000c2100000| Untracked 
|  12|0x00000000c2200000, 0x00000000c2300000, 0x00000000c2300000|100%| O|  |TAMS 0x00000000c2300000, 0x00000000c2200000| Updating 
|  13|0x00000000c2300000, 0x00000000c2400000, 0x00000000c2400000|100%| O|  |TAMS 0x00000000c2400000, 0x00000000c2300000| Updating 
|  14|0x00000000c2400000, 0x00000000c2500000, 0x00000000c2500000|100%| O|  |TAMS 0x00000000c2500000, 0x00000000c2400000| Updating 
|  15|0x00000000c2500000, 0x00000000c2600000, 0x00000000c2600000|100%| O|  |TAMS 0x00000000c2600000, 0x00000000c2500000| Untracked 
|  16|0x00000000c2600000, 0x00000000c2700000, 0x00000000c2700000|100%| O|  |TAMS 0x00000000c2700000, 0x00000000c2600000| Updating 
|  17|0x00000000c2700000, 0x00000000c2800000, 0x00000000c2800000|100%| O|  |TAMS 0x00000000c2800000, 0x00000000c2700000| Updating 
|  18|0x00000000c2800000, 0x00000000c2900000, 0x00000000c2900000|100%| O|  |TAMS 0x00000000c2900000, 0x00000000c2800000| Untracked 
|  19|0x00000000c2900000, 0x00000000c2a00000, 0x00000000c2a00000|100%| O|  |TAMS 0x00000000c2a00000, 0x00000000c2900000| Untracked 
|  20|0x00000000c2a00000, 0x00000000c2b00000, 0x00000000c2b00000|100%| O|  |TAMS 0x00000000c2b00000, 0x00000000c2a00000| Untracked 
|  21|0x00000000c2b00000, 0x00000000c2c00000, 0x00000000c2c00000|100%| O|  |TAMS 0x00000000c2c00000, 0x00000000c2b00000| Untracked 
|  22|0x00000000c2c00000, 0x00000000c2d00000, 0x00000000c2d00000|100%| O|  |TAMS 0x00000000c2d00000, 0x00000000c2c00000| Untracked 
|  23|0x00000000c2d00000, 0x00000000c2e00000, 0x00000000c2e00000|100%| O|  |TAMS 0x00000000c2e00000, 0x00000000c2d00000| Untracked 
|  24|0x00000000c2e00000, 0x00000000c2f00000, 0x00000000c2f00000|100%| O|  |TAMS 0x00000000c2f00000, 0x00000000c2e00000| Untracked 
|  25|0x00000000c2f00000, 0x00000000c3000000, 0x00000000c3000000|100%| O|  |TAMS 0x00000000c3000000, 0x00000000c2f00000| Untracked 
|  26|0x00000000c3000000, 0x00000000c3100000, 0x00000000c3100000|100%| O|  |TAMS 0x00000000c3100000, 0x00000000c3000000| Untracked 
|  27|0x00000000c3100000, 0x00000000c3200000, 0x00000000c3200000|100%| O|  |TAMS 0x00000000c3200000, 0x00000000c3100000| Untracked 
|  28|0x00000000c3200000, 0x00000000c3300000, 0x00000000c3300000|100%| O|  |TAMS 0x00000000c320e400, 0x00000000c3200000| Untracked 
|  29|0x00000000c3300000, 0x00000000c336b600, 0x00000000c3400000| 41%| O|  |TAMS 0x00000000c3300000, 0x00000000c3300000| Updating 
|  30|0x00000000c3400000, 0x00000000c3400000, 0x00000000c3500000|  0%| F|  |TAMS 0x00000000c3400000, 0x00000000c3400000| Untracked 
|  31|0x00000000c3500000, 0x00000000c3500000, 0x00000000c3600000|  0%| F|  |TAMS 0x00000000c3500000, 0x00000000c3500000| Untracked 
|  32|0x00000000c3600000, 0x00000000c3600000, 0x00000000c3700000|  0%| F|  |TAMS 0x00000000c3600000, 0x00000000c3600000| Untracked 
|  33|0x00000000c3700000, 0x00000000c3700000, 0x00000000c3800000|  0%| F|  |TAMS 0x00000000c3700000, 0x00000000c3700000| Untracked 
|  34|0x00000000c3800000, 0x00000000c3800000, 0x00000000c3900000|  0%| F|  |TAMS 0x00000000c3800000, 0x00000000c3800000| Untracked 
|  35|0x00000000c3900000, 0x00000000c3900000, 0x00000000c3a00000|  0%| F|  |TAMS 0x00000000c3900000, 0x00000000c3900000| Untracked 
|  36|0x00000000c3a00000, 0x00000000c3a00000, 0x00000000c3b00000|  0%| F|  |TAMS 0x00000000c3a00000, 0x00000000c3a00000| Untracked 
|  37|0x00000000c3b00000, 0x00000000c3b00000, 0x00000000c3c00000|  0%| F|  |TAMS 0x00000000c3b00000, 0x00000000c3b00000| Untracked 
|  38|0x00000000c3c00000, 0x00000000c3c00000, 0x00000000c3d00000|  0%| F|  |TAMS 0x00000000c3c00000, 0x00000000c3c00000| Untracked 
|  39|0x00000000c3d00000, 0x00000000c3d7b540, 0x00000000c3e00000| 48%| S|CS|TAMS 0x00000000c3d00000, 0x00000000c3d00000| Complete 
|  40|0x00000000c3e00000, 0x00000000c3f00000, 0x00000000c3f00000|100%| S|CS|TAMS 0x00000000c3e00000, 0x00000000c3e00000| Complete 
|  41|0x00000000c3f00000, 0x00000000c3f00000, 0x00000000c4000000|  0%| F|  |TAMS 0x00000000c3f00000, 0x00000000c3f00000| Untracked 
|  42|0x00000000c4000000, 0x00000000c4000000, 0x00000000c4100000|  0%| F|  |TAMS 0x00000000c4000000, 0x00000000c4000000| Untracked 
|  43|0x00000000c4100000, 0x00000000c4100000, 0x00000000c4200000|  0%| F|  |TAMS 0x00000000c4100000, 0x00000000c4100000| Untracked 
|  44|0x00000000c4200000, 0x00000000c4200000, 0x00000000c4300000|  0%| F|  |TAMS 0x00000000c4200000, 0x00000000c4200000| Untracked 
|  45|0x00000000c4300000, 0x00000000c4300000, 0x00000000c4400000|  0%| F|  |TAMS 0x00000000c4300000, 0x00000000c4300000| Untracked 
|  46|0x00000000c4400000, 0x00000000c4400000, 0x00000000c4500000|  0%| F|  |TAMS 0x00000000c4400000, 0x00000000c4400000| Untracked 
|  47|0x00000000c4500000, 0x00000000c4500000, 0x00000000c4600000|  0%| F|  |TAMS 0x00000000c4500000, 0x00000000c4500000| Untracked 
|  48|0x00000000c4600000, 0x00000000c4600000, 0x00000000c4700000|  0%| F|  |TAMS 0x00000000c4600000, 0x00000000c4600000| Untracked 
|  49|0x00000000c4700000, 0x00000000c4700000, 0x00000000c4800000|  0%| F|  |TAMS 0x00000000c4700000, 0x00000000c4700000| Untracked 
|  50|0x00000000c4800000, 0x00000000c4800000, 0x00000000c4900000|  0%| F|  |TAMS 0x00000000c4800000, 0x00000000c4800000| Untracked 
|  51|0x00000000c4900000, 0x00000000c4900000, 0x00000000c4a00000|  0%| F|  |TAMS 0x00000000c4900000, 0x00000000c4900000| Untracked 
|  52|0x00000000c4a00000, 0x00000000c4ab4df8, 0x00000000c4b00000| 70%| E|  |TAMS 0x00000000c4a00000, 0x00000000c4a00000| Complete 
|  63|0x00000000c5500000, 0x00000000c5600000, 0x00000000c5600000|100%| E|CS|TAMS 0x00000000c5500000, 0x00000000c5500000| Complete 

Card table byte_map: [0x0000029d34640000,0x0000029d34840000] _byte_map_base: 0x0000029d34035000

Marking Bits (Prev, Next): (CMBitMap*) 0x0000029d29dcc520, (CMBitMap*) 0x0000029d29dcc4e0
 Prev Bits: [0x0000029d359f0000, 0x0000029d36998000)
 Next Bits: [0x0000029d34a40000, 0x0000029d359e8000)

Polling page: 0x0000029d27a30000

Metaspace:

Usage:
  Non-class:     54.44 MB used.
      Class:      9.05 MB used.
       Both:     63.49 MB used.

Virtual space:
  Non-class space:       64.00 MB reserved,      54.75 MB ( 86%) committed,  1 nodes.
      Class space:        1.00 GB reserved,       9.31 MB ( <1%) committed,  1 nodes.
             Both:        1.06 GB reserved,      64.06 MB (  6%) committed. 

Chunk freelists:
   Non-Class:  8.91 MB
       Class:  6.70 MB
        Both:  15.61 MB

MaxMetaspaceSize: unlimited
CompressedClassSpaceSize: 1.00 GB
Initial GC threshold: 21.00 MB
Current GC threshold: 100.56 MB
CDS: on
MetaspaceReclaimPolicy: balanced
 - commit_granule_bytes: 65536.
 - commit_granule_words: 8192.
 - virtual_space_node_default_size: 8388608.
 - enlarge_chunks_in_place: 1.
 - new_chunks_are_fully_committed: 0.
 - uncommit_free_chunks: 1.
 - use_allocation_guard: 0.
 - handle_deallocations: 1.


Internal statistics:

num_allocs_failed_limit: 12.
num_arena_births: 848.
num_arena_deaths: 54.
num_vsnodes_births: 2.
num_vsnodes_deaths: 0.
num_space_committed: 1025.
num_space_uncommitted: 0.
num_chunks_returned_to_freelist: 79.
num_chunks_taken_from_freelist: 3217.
num_chunk_merges: 27.
num_chunk_splits: 2278.
num_chunks_enlarged: 1742.
num_inconsistent_stats: 0.

CodeCache: size=49152Kb used=11417Kb max_used=11417Kb free=37734Kb
 bounds [0x0000029d31640000, 0x0000029d32170000, 0x0000029d34640000]
 total_blobs=7373 nmethods=6674 adapters=625
 compilation: enabled
              stopped_count=0, restarted_count=0
 full_count=0

Compilation events (20 events):
Event: 32.118 Thread 0x0000029d38e0e860 6666       1       org.springframework.aop.framework.autoproxy.AbstractAutoProxyCreator::shouldSkip (6 bytes)
Event: 32.118 Thread 0x0000029d38e0e860 nmethod 6666 0x0000029d32163a10 code [0x0000029d32163ba0, 0x0000029d32163c88]
Event: 32.118 Thread 0x0000029d38e0e860 6667       1       org.springframework.aop.support.AopUtils::canApply (53 bytes)
Event: 32.119 Thread 0x0000029d38e0e860 nmethod 6667 0x0000029d32163d10 code [0x0000029d32163f00, 0x0000029d32164218]
Event: 32.120 Thread 0x0000029d38e0e860 6668       1       java.lang.reflect.Method::getParameterAnnotations (13 bytes)
Event: 32.120 Thread 0x0000029d38e0e860 nmethod 6668 0x0000029d32164310 code [0x0000029d321644a0, 0x0000029d32164588]
Event: 32.125 Thread 0x0000029d38e0e860 6669       1       org.springframework.beans.factory.config.DependencyDescriptor::supportsLazyResolution (2 bytes)
Event: 32.125 Thread 0x0000029d38e0e860 nmethod 6669 0x0000029d32164610 code [0x0000029d321647a0, 0x0000029d32164878]
Event: 32.130 Thread 0x0000029d38e0e860 6670       1       org.springframework.beans.factory.support.AbstractAutowireCapableBeanFactory::applyBeanPostProcessorsAfterInitialization (61 bytes)
Event: 32.130 Thread 0x0000029d38e0e860 nmethod 6670 0x0000029d32164910 code [0x0000029d32164ae0, 0x0000029d32164d18]
Event: 32.145 Thread 0x0000029d38e0e860 6671   !   1       jdk.internal.reflect.GeneratedMethodAccessor4::invoke (63 bytes)
Event: 32.145 Thread 0x0000029d38e0e860 nmethod 6671 0x0000029d32164e90 code [0x0000029d32165080, 0x0000029d32165478]
Event: 32.147 Thread 0x0000029d38e0e860 6672   !   1       org.springframework.core.$Proxy7::getRawType (29 bytes)
Event: 32.147 Thread 0x0000029d38e0e860 nmethod 6672 0x0000029d32165690 code [0x0000029d32165840, 0x0000029d32165a78]
Event: 32.147 Thread 0x0000029d38e0e860 6673       1       java.lang.StrictMath::floorOrCeil (128 bytes)
Event: 32.148 Thread 0x0000029d38e0e860 nmethod 6673 0x0000029d32165b90 code [0x0000029d32165d40, 0x0000029d32165f58]
Event: 32.148 Thread 0x0000029d38e0e860 6674       1       java.lang.Math::getExponent (17 bytes)
Event: 32.148 Thread 0x0000029d38e0e860 nmethod 6674 0x0000029d32166010 code [0x0000029d321661a0, 0x0000029d32166278]
Event: 32.148 Thread 0x0000029d38e0e860 6675       1       org.springframework.core.MethodParameter::clone (9 bytes)
Event: 32.148 Thread 0x0000029d38e0e860 nmethod 6675 0x0000029d32166310 code [0x0000029d321664a0, 0x0000029d321665e8]

GC Heap History (20 events):
Event: 20.341 GC heap before
{Heap before GC invocations=10 (full 0):
 garbage-first heap   total 55296K, used 28033K [0x00000000c1600000, 0x0000000100000000)
  region size 1024K, 11 young (11264K), 2 survivors (2048K)
 Metaspace       used 35660K, committed 36096K, reserved 1114112K
  class space    used 5083K, committed 5312K, reserved 1048576K
}
Event: 20.344 GC heap after
{Heap after GC invocations=11 (full 0):
 garbage-first heap   total 55296K, used 20240K [0x00000000c1600000, 0x0000000100000000)
  region size 1024K, 2 young (2048K), 2 survivors (2048K)
 Metaspace       used 35660K, committed 36096K, reserved 1114112K
  class space    used 5083K, committed 5312K, reserved 1048576K
}
Event: 21.787 GC heap before
{Heap before GC invocations=12 (full 0):
 garbage-first heap   total 55296K, used 41744K [0x00000000c1600000, 0x0000000100000000)
  region size 1024K, 23 young (23552K), 2 survivors (2048K)
 Metaspace       used 44151K, committed 44608K, reserved 1114112K
  class space    used 6162K, committed 6400K, reserved 1048576K
}
Event: 21.793 GC heap after
{Heap after GC invocations=13 (full 0):
 garbage-first heap   total 55296K, used 22585K [0x00000000c1600000, 0x0000000100000000)
  region size 1024K, 3 young (3072K), 3 survivors (3072K)
 Metaspace       used 44151K, committed 44608K, reserved 1114112K
  class space    used 6162K, committed 6400K, reserved 1048576K
}
Event: 22.697 GC heap before
{Heap before GC invocations=13 (full 0):
 garbage-first heap   total 55296K, used 41017K [0x00000000c1600000, 0x0000000100000000)
  region size 1024K, 22 young (22528K), 3 survivors (3072K)
 Metaspace       used 47459K, committed 47936K, reserved 1114112K
  class space    used 6604K, committed 6848K, reserved 1048576K
}
Event: 22.706 GC heap after
{Heap after GC invocations=14 (full 0):
 garbage-first heap   total 55296K, used 24098K [0x00000000c1600000, 0x0000000100000000)
  region size 1024K, 2 young (2048K), 2 survivors (2048K)
 Metaspace       used 47459K, committed 47936K, reserved 1114112K
  class space    used 6604K, committed 6848K, reserved 1048576K
}
Event: 23.684 GC heap before
{Heap before GC invocations=14 (full 0):
 garbage-first heap   total 55296K, used 41506K [0x00000000c1600000, 0x0000000100000000)
  region size 1024K, 20 young (20480K), 2 survivors (2048K)
 Metaspace       used 53231K, committed 53760K, reserved 1114112K
  class space    used 7552K, committed 7808K, reserved 1048576K
}
Event: 23.688 GC heap after
{Heap after GC invocations=15 (full 0):
 garbage-first heap   total 55296K, used 24782K [0x00000000c1600000, 0x0000000100000000)
  region size 1024K, 3 young (3072K), 3 survivors (3072K)
 Metaspace       used 53231K, committed 53760K, reserved 1114112K
  class space    used 7552K, committed 7808K, reserved 1048576K
}
Event: 24.287 GC heap before
{Heap before GC invocations=15 (full 0):
 garbage-first heap   total 55296K, used 42190K [0x00000000c1600000, 0x0000000100000000)
  region size 1024K, 20 young (20480K), 3 survivors (3072K)
 Metaspace       used 54248K, committed 54720K, reserved 1114112K
  class space    used 7715K, committed 7936K, reserved 1048576K
}
Event: 24.292 GC heap after
{Heap after GC invocations=16 (full 0):
 garbage-first heap   total 55296K, used 25345K [0x00000000c1600000, 0x0000000100000000)
  region size 1024K, 2 young (2048K), 2 survivors (2048K)
 Metaspace       used 54248K, committed 54720K, reserved 1114112K
  class space    used 7715K, committed 7936K, reserved 1048576K
}
Event: 25.806 GC heap before
{Heap before GC invocations=16 (full 0):
 garbage-first heap   total 55296K, used 43777K [0x00000000c1600000, 0x0000000100000000)
  region size 1024K, 20 young (20480K), 2 survivors (2048K)
 Metaspace       used 58430K, committed 59008K, reserved 1114112K
  class space    used 8341K, committed 8576K, reserved 1048576K
}
Event: 25.810 GC heap after
{Heap after GC invocations=17 (full 0):
 garbage-first heap   total 55296K, used 26299K [0x00000000c1600000, 0x0000000100000000)
  region size 1024K, 3 young (3072K), 3 survivors (3072K)
 Metaspace       used 58430K, committed 59008K, reserved 1114112K
  class space    used 8341K, committed 8576K, reserved 1048576K
}
Event: 29.386 GC heap before
{Heap before GC invocations=17 (full 0):
 garbage-first heap   total 55296K, used 38587K [0x00000000c1600000, 0x0000000100000000)
  region size 1024K, 16 young (16384K), 3 survivors (3072K)
 Metaspace       used 60229K, committed 60736K, reserved 1114112K
  class space    used 8511K, committed 8768K, reserved 1048576K
}
Event: 29.392 GC heap after
{Heap after GC invocations=18 (full 0):
 garbage-first heap   total 55296K, used 27180K [0x00000000c1600000, 0x0000000100000000)
  region size 1024K, 3 young (3072K), 3 survivors (3072K)
 Metaspace       used 60229K, committed 60736K, reserved 1114112K
  class space    used 8511K, committed 8768K, reserved 1048576K
}
Event: 30.246 GC heap before
{Heap before GC invocations=19 (full 0):
 garbage-first heap   total 55296K, used 42540K [0x00000000c1600000, 0x0000000100000000)
  region size 1024K, 19 young (19456K), 3 survivors (3072K)
 Metaspace       used 61127K, committed 61696K, reserved 1114112K
  class space    used 8739K, committed 8960K, reserved 1048576K
}
Event: 30.258 GC heap after
{Heap after GC invocations=20 (full 0):
 garbage-first heap   total 55296K, used 29036K [0x00000000c1600000, 0x0000000100000000)
  region size 1024K, 3 young (3072K), 3 survivors (3072K)
 Metaspace       used 61127K, committed 61696K, reserved 1114112K
  class space    used 8739K, committed 8960K, reserved 1048576K
}
Event: 31.551 GC heap before
{Heap before GC invocations=21 (full 0):
 garbage-first heap   total 55296K, used 44396K [0x00000000c1600000, 0x0000000100000000)
  region size 1024K, 18 young (18432K), 3 survivors (3072K)
 Metaspace       used 63405K, committed 64000K, reserved 1114112K
  class space    used 9042K, committed 9344K, reserved 1048576K
}
Event: 31.561 GC heap after
{Heap after GC invocations=22 (full 0):
 garbage-first heap   total 55296K, used 30265K [0x00000000c1600000, 0x0000000100000000)
  region size 1024K, 2 young (2048K), 2 survivors (2048K)
 Metaspace       used 63405K, committed 64000K, reserved 1114112K
  class space    used 9042K, committed 9344K, reserved 1048576K
}
Event: 32.063 GC heap before
{Heap before GC invocations=22 (full 0):
 garbage-first heap   total 55296K, used 43577K [0x00000000c1600000, 0x0000000100000000)
  region size 1024K, 15 young (15360K), 2 survivors (2048K)
 Metaspace       used 64725K, committed 65344K, reserved 1114112K
  class space    used 9242K, committed 9536K, reserved 1048576K
}
Event: 32.068 GC heap after
{Heap after GC invocations=23 (full 0):
 garbage-first heap   total 55296K, used 31642K [0x00000000c1600000, 0x0000000100000000)
  region size 1024K, 2 young (2048K), 2 survivors (2048K)
 Metaspace       used 64725K, committed 65344K, reserved 1114112K
  class space    used 9242K, committed 9536K, reserved 1048576K
}

Deoptimization events (6 events):
Event: 12.260 Thread 0x0000029d29d8e560 DEOPT PACKING pc=0x0000029d31c909ec sp=0x000000d9fc0fd0a0
Event: 12.260 Thread 0x0000029d29d8e560 DEOPT UNPACKING pc=0x0000029d31692b43 sp=0x000000d9fc0fc558 mode 0
Event: 29.550 Thread 0x0000029d29d8e560 DEOPT PACKING pc=0x0000029d31b2c424 sp=0x000000d9fc0fc540
Event: 29.550 Thread 0x0000029d29d8e560 DEOPT UNPACKING pc=0x0000029d31692b43 sp=0x000000d9fc0fba98 mode 0
Event: 29.860 Thread 0x0000029d29d8e560 DEOPT PACKING pc=0x0000029d31b0b5a2 sp=0x000000d9fc0fc7f0
Event: 29.860 Thread 0x0000029d29d8e560 DEOPT UNPACKING pc=0x0000029d31692b43 sp=0x000000d9fc0fbcf8 mode 3

Classes unloaded (20 events):
Event: 29.466 Thread 0x0000029d29e49510 Unloading class 0x0000029d3a0db800 'java/lang/invoke/LambdaForm$MH+0x0000029d3a0db800'
Event: 29.466 Thread 0x0000029d29e49510 Unloading class 0x0000029d3a0d9000 'java/lang/invoke/LambdaForm$MH+0x0000029d3a0d9000'
Event: 29.466 Thread 0x0000029d29e49510 Unloading class 0x0000029d3a0d8c00 'java/lang/invoke/LambdaForm$MH+0x0000029d3a0d8c00'
Event: 29.466 Thread 0x0000029d29e49510 Unloading class 0x0000029d3a0d8800 'java/lang/invoke/LambdaForm$MH+0x0000029d3a0d8800'
Event: 29.466 Thread 0x0000029d29e49510 Unloading class 0x0000029d3a0d8400 'java/lang/invoke/LambdaForm$MH+0x0000029d3a0d8400'
Event: 29.466 Thread 0x0000029d29e49510 Unloading class 0x0000029d3a0d3800 'jdk/internal/reflect/GeneratedSerializationConstructorAccessor8'
Event: 29.466 Thread 0x0000029d29e49510 Unloading class 0x0000029d3a0d3000 'java/lang/invoke/LambdaForm$MH+0x0000029d3a0d3000'
Event: 29.467 Thread 0x0000029d29e49510 Unloading class 0x0000029d3a0d0c00 'jdk/internal/reflect/GeneratedSerializationConstructorAccessor6'
Event: 29.467 Thread 0x0000029d29e49510 Unloading class 0x0000029d3a0c0800 'jdk/internal/reflect/GeneratedSerializationConstructorAccessor3'
Event: 29.467 Thread 0x0000029d29e49510 Unloading class 0x0000029d3a0c0400 'jdk/internal/reflect/GeneratedSerializationConstructorAccessor2'
Event: 29.468 Thread 0x0000029d29e49510 Unloading class 0x0000029d3a0c0000 'jdk/internal/reflect/GeneratedSerializationConstructorAccessor1'
Event: 29.468 Thread 0x0000029d29e49510 Unloading class 0x0000029d3a008800 'java/lang/invoke/LambdaForm$DMH+0x0000029d3a008800'
Event: 29.468 Thread 0x0000029d29e49510 Unloading class 0x0000029d3a008000 'java/lang/invoke/LambdaForm$DMH+0x0000029d3a008000'
Event: 29.468 Thread 0x0000029d29e49510 Unloading class 0x0000029d3a007400 'jdk/internal/reflect/GeneratedConstructorAccessor1'
Event: 30.334 Thread 0x0000029d29e49510 Unloading class 0x0000029d3a270400 'java/lang/invoke/LambdaForm$DMH+0x0000029d3a270400'
Event: 30.334 Thread 0x0000029d29e49510 Unloading class 0x0000029d3a18c400 'java/lang/invoke/LambdaForm$DMH+0x0000029d3a18c400'
Event: 30.334 Thread 0x0000029d29e49510 Unloading class 0x0000029d3a0d1000 'jdk/internal/reflect/GeneratedSerializationConstructorAccessor7'
Event: 30.334 Thread 0x0000029d29e49510 Unloading class 0x0000029d3a0d0800 'jdk/internal/reflect/GeneratedSerializationConstructorAccessor5'
Event: 30.334 Thread 0x0000029d29e49510 Unloading class 0x0000029d3a0d0400 'jdk/internal/reflect/GeneratedSerializationConstructorAccessor4'
Event: 32.156 Thread 0x0000029d29e49510 Unloading class 0x0000029d3a2b1800 'jdk/internal/reflect/GeneratedConstructorAccessor11'

Classes redefined (0 events):
No events

Internal exceptions (20 events):
Event: 24.591 Thread 0x0000029d29d8e560 Exception <a 'java/lang/NoSuchMethodError'{0x00000000c44dc480}: 'java.lang.Object java.lang.invoke.DirectMethodHandle$Holder.newInvokeSpecial(java.lang.Object, java.lang.Object, java.lang.Object, java.lang.Object, java.lang.Object, java.lang.Object, java.lang.Object, java.lang.Object, java.lang.Object, java.lang.Object, java.lang.Object, java.lang.Object)'> (0x00000000c44dc480) 
thrown [s\open\src\hotspot\share\interpreter\linkResolver.cpp, line 759]
Event: 24.592 Thread 0x0000029d29d8e560 Exception <a 'java/lang/NoSuchMethodError'{0x00000000c44e0f18}: 'java.lang.Object java.lang.invoke.DirectMethodHandle$Holder.invokeSpecial(java.lang.Object, java.lang.Object, java.lang.Object, java.lang.Object, java.lang.Object, java.lang.Object, java.lang.Object, java.lang.Object, java.lang.Object, java.lang.Object, java.lang.Object, java.lang.Object, java.lang.Object)'> (0x00000000c44e0f18) 
thrown [s\open\src\hotspot\share\interpreter\linkResolver.cpp, line 759]
Event: 24.592 Thread 0x0000029d29d8e560 Exception <a 'java/lang/NoSuchMethodError'{0x00000000c44e5630}: 'java.lang.Object java.lang.invoke.Invokers$Holder.linkToTargetMethod(java.lang.Object, java.lang.Object, java.lang.Object, java.lang.Object, java.lang.Object, java.lang.Object, java.lang.Object, java.lang.Object, java.lang.Object, java.lang.Object, java.lang.Object, java.lang.Object)'> (0x00000000c44e5630) 
thrown [s\open\src\hotspot\share\interpreter\linkResolver.cpp, line 759]
Event: 24.620 Thread 0x0000029d29d8e560 Exception <a 'java/lang/IncompatibleClassChangeError'{0x00000000c439ba80}: Found class java.lang.Object, but interface was expected> (0x00000000c439ba80) 
thrown [s\open\src\hotspot\share\interpreter\linkResolver.cpp, line 826]
Event: 24.659 Thread 0x0000029d29d8e560 Exception <a 'java/lang/IncompatibleClassChangeError'{0x00000000c42870c0}: Found class java.lang.Object, but interface was expected> (0x00000000c42870c0) 
thrown [s\open\src\hotspot\share\interpreter\linkResolver.cpp, line 826]
Event: 24.694 Thread 0x0000029d29d8e560 Exception <a 'java/lang/NoSuchMethodError'{0x00000000c4127ef8}: 'java.lang.Object java.lang.invoke.DirectMethodHandle$Holder.newInvokeSpecial(java.lang.Object, java.lang.Object, int, java.lang.Object, int, java.lang.Object, java.lang.Object)'> (0x00000000c4127ef8) 
thrown [s\open\src\hotspot\share\interpreter\linkResolver.cpp, line 759]
Event: 24.745 Thread 0x0000029d29d8e560 Exception <a 'java/lang/NoSuchMethodError'{0x00000000c41bcef8}: 'java.lang.Object java.lang.invoke.DirectMethodHandle$Holder.newInvokeSpecial(java.lang.Object, java.lang.Object, java.lang.Object, java.lang.Object, java.lang.Object, java.lang.Object, java.lang.Object, int)'> (0x00000000c41bcef8) 
thrown [s\open\src\hotspot\share\interpreter\linkResolver.cpp, line 759]
Event: 24.746 Thread 0x0000029d29d8e560 Exception <a 'java/lang/NoSuchMethodError'{0x00000000c41c1ef0}: 'java.lang.Object java.lang.invoke.DirectMethodHandle$Holder.invokeSpecial(java.lang.Object, java.lang.Object, java.lang.Object, java.lang.Object, java.lang.Object, java.lang.Object, java.lang.Object, java.lang.Object, int)'> (0x00000000c41c1ef0) 
thrown [s\open\src\hotspot\share\interpreter\linkResolver.cpp, line 759]
Event: 24.746 Thread 0x0000029d29d8e560 Exception <a 'java/lang/NoSuchMethodError'{0x00000000c41c69b8}: 'java.lang.Object java.lang.invoke.Invokers$Holder.linkToTargetMethod(java.lang.Object, java.lang.Object, java.lang.Object, java.lang.Object, java.lang.Object, java.lang.Object, int, java.lang.Object)'> (0x00000000c41c69b8) 
thrown [s\open\src\hotspot\share\interpreter\linkResolver.cpp, line 759]
Event: 24.852 Thread 0x0000029d29d8e560 Exception <a 'java/lang/NoSuchMethodError'{0x00000000c4099220}: 'void java.lang.invoke.DirectMethodHandle$Holder.invokeInterface(java.lang.Object, java.lang.Object)'> (0x00000000c4099220) 
thrown [s\open\src\hotspot\share\interpreter\linkResolver.cpp, line 759]
Event: 27.276 Thread 0x0000029d29d8e560 Exception <a 'java/lang/NoSuchMethodError'{0x00000000c4ac8fe0}: 'java.lang.Object java.lang.invoke.DirectMethodHandle$Holder.invokeSpecial(java.lang.Object, java.lang.Object, int, java.lang.Object, int)'> (0x00000000c4ac8fe0) 
thrown [s\open\src\hotspot\share\interpreter\linkResolver.cpp, line 759]
Event: 29.138 Thread 0x0000029d29d8e560 Exception <a 'java/lang/IncompatibleClassChangeError'{0x00000000c44d6d20}: Found class java.lang.Object, but interface was expected> (0x00000000c44d6d20) 
thrown [s\open\src\hotspot\share\interpreter\linkResolver.cpp, line 826]
Event: 29.174 Thread 0x0000029d29d8e560 Exception <a 'java/lang/IncompatibleClassChangeError'{0x00000000c436f668}: Found class java.lang.Object, but interface was expected> (0x00000000c436f668) 
thrown [s\open\src\hotspot\share\interpreter\linkResolver.cpp, line 826]
Event: 29.248 Thread 0x0000029d29d8e560 Exception <a 'java/lang/IncompatibleClassChangeError'{0x00000000c42e82a8}: Found class java.lang.Object, but interface was expected> (0x00000000c42e82a8) 
thrown [s\open\src\hotspot\share\interpreter\linkResolver.cpp, line 826]
Event: 29.799 Thread 0x0000029d29d8e560 Exception <a 'java/lang/IncompatibleClassChangeError'{0x00000000c44bce30}: Found class java.lang.Object, but interface was expected> (0x00000000c44bce30) 
thrown [s\open\src\hotspot\share\interpreter\linkResolver.cpp, line 826]
Event: 30.270 Thread 0x0000029d29d8e560 Exception <a 'java/lang/NoSuchMethodError'{0x00000000c5526050}: 'int java.lang.invoke.DirectMethodHandle$Holder.invokeStatic(java.lang.Object, java.lang.Object, int)'> (0x00000000c5526050) 
thrown [s\open\src\hotspot\share\interpreter\linkResolver.cpp, line 759]
Event: 31.662 Thread 0x0000029d29d8e560 Exception <a 'sun/nio/fs/WindowsException'{0x00000000c493ab18}> (0x00000000c493ab18) 
thrown [s\open\src\hotspot\share\prims\jni.cpp, line 516]
Event: 31.760 Thread 0x0000029d29d8e560 Exception <a 'java/lang/IncompatibleClassChangeError'{0x00000000c46af7a8}: Found class java.lang.Object, but interface was expected> (0x00000000c46af7a8) 
thrown [s\open\src\hotspot\share\interpreter\linkResolver.cpp, line 826]
Event: 31.846 Thread 0x0000029d29d8e560 Exception <a 'java/lang/NoSuchMethodError'{0x00000000c44b1140}: 'void java.lang.invoke.DirectMethodHandle$Holder.invokeVirtual(java.lang.Object, java.lang.Object, long)'> (0x00000000c44b1140) 
thrown [s\open\src\hotspot\share\interpreter\linkResolver.cpp, line 759]
Event: 31.881 Thread 0x0000029d29d8e560 Exception <a 'java/lang/NoSuchMethodError'{0x00000000c43e0260}: 'java.lang.Object java.lang.invoke.DirectMethodHandle$Holder.invokeSpecial(java.lang.Object, java.lang.Object, int, int, int, int)'> (0x00000000c43e0260) 
thrown [s\open\src\hotspot\share\interpreter\linkResolver.cpp, line 759]

VM Operations (20 events):
Event: 30.344 Executing VM operation: G1Concurrent done
Event: 30.375 Executing VM operation: G1Concurrent
Event: 30.375 Executing VM operation: G1Concurrent done
Event: 31.233 Executing VM operation: HandshakeAllThreads
Event: 31.233 Executing VM operation: HandshakeAllThreads done
Event: 31.396 Executing VM operation: HandshakeAllThreads
Event: 31.396 Executing VM operation: HandshakeAllThreads done
Event: 31.396 Executing VM operation: Cleanup
Event: 31.396 Executing VM operation: Cleanup done
Event: 31.463 Executing VM operation: HandshakeAllThreads
Event: 31.463 Executing VM operation: HandshakeAllThreads done
Event: 31.465 Executing VM operation: HandshakeAllThreads
Event: 31.465 Executing VM operation: HandshakeAllThreads done
Event: 31.551 Executing VM operation: G1CollectForAllocation
Event: 31.561 Executing VM operation: G1CollectForAllocation done
Event: 31.908 Executing VM operation: HandshakeAllThreads
Event: 31.908 Executing VM operation: HandshakeAllThreads done
Event: 32.063 Executing VM operation: G1CollectForAllocation
Event: 32.068 Executing VM operation: G1CollectForAllocation done
Event: 32.156 Executing VM operation: G1Concurrent

Events (20 events):
Event: 31.484 loading class sun/reflect/annotation/TypeAnnotation
Event: 31.485 loading class sun/reflect/annotation/TypeAnnotation done
Event: 31.485 loading class sun/reflect/annotation/AnnotatedTypeFactory
Event: 31.485 loading class sun/reflect/annotation/AnnotatedTypeFactory done
Event: 31.485 loading class sun/reflect/annotation/AnnotatedTypeFactory$AnnotatedTypeBaseImpl
Event: 31.486 loading class sun/reflect/annotation/AnnotatedTypeFactory$AnnotatedTypeBaseImpl done
Event: 31.486 loading class sun/reflect/annotation/TypeAnnotation$LocationInfo
Event: 31.486 loading class sun/reflect/annotation/TypeAnnotation$LocationInfo done
Event: 31.486 loading class sun/reflect/annotation/TypeAnnotation$LocationInfo$Location
Event: 31.486 loading class sun/reflect/annotation/TypeAnnotation$LocationInfo$Location done
Event: 31.700 loading class java/util/EnumMap$EntrySet
Event: 31.701 loading class java/util/EnumMap$EntrySet done
Event: 31.701 loading class java/util/EnumMap$EntryIterator
Event: 31.701 loading class java/util/EnumMap$EnumMapIterator
Event: 31.701 loading class java/util/EnumMap$EnumMapIterator done
Event: 31.701 loading class java/util/EnumMap$EntryIterator done
Event: 32.115 loading class jdk/internal/reflect/UnsafeQualifiedObjectFieldAccessorImpl
Event: 32.115 loading class jdk/internal/reflect/UnsafeQualifiedFieldAccessorImpl
Event: 32.115 loading class jdk/internal/reflect/UnsafeQualifiedFieldAccessorImpl done
Event: 32.115 loading class jdk/internal/reflect/UnsafeQualifiedObjectFieldAccessorImpl done


Dynamic libraries:
0x00007ff72a410000 - 0x00007ff72a420000 	C:\Program Files\Java\jdk-17\bin\javaw.exe
0x00007ffd8eb00000 - 0x00007ffd8ed63000 	C:\WINDOWS\SYSTEM32\ntdll.dll
0x00007ffd8e0b0000 - 0x00007ffd8e178000 	C:\WINDOWS\System32\KERNEL32.DLL
0x00007ffd8c5b0000 - 0x00007ffd8c961000 	C:\WINDOWS\System32\KERNELBASE.dll
0x00007ffd8c290000 - 0x00007ffd8c3db000 	C:\WINDOWS\System32\ucrtbase.dll
0x00007ffd6ea30000 - 0x00007ffd6ea49000 	C:\Program Files\Java\jdk-17\bin\jli.dll
0x00007ffd8d1f0000 - 0x00007ffd8d2a4000 	C:\WINDOWS\System32\ADVAPI32.dll
0x00007ffd8ddb0000 - 0x00007ffd8de59000 	C:\WINDOWS\System32\msvcrt.dll
0x00007ffd8e720000 - 0x00007ffd8e7c6000 	C:\WINDOWS\System32\sechost.dll
0x00007ffd8de60000 - 0x00007ffd8df76000 	C:\WINDOWS\System32\RPCRT4.dll
0x00007ffd8d990000 - 0x00007ffd8db58000 	C:\WINDOWS\System32\USER32.dll
0x00007ffd8c1a0000 - 0x00007ffd8c1c7000 	C:\WINDOWS\System32\win32u.dll
0x00007ffd8e080000 - 0x00007ffd8e0aa000 	C:\WINDOWS\System32\GDI32.dll
0x00007ffd8bef0000 - 0x00007ffd8c015000 	C:\WINDOWS\System32\gdi32full.dll
0x00007ffd8c500000 - 0x00007ffd8c5a3000 	C:\WINDOWS\System32\msvcp_win.dll
0x00007ffd6ea10000 - 0x00007ffd6ea2b000 	C:\Program Files\Java\jdk-17\bin\VCRUNTIME140.dll
0x00007ffd6a0a0000 - 0x00007ffd6a330000 	C:\WINDOWS\WinSxS\amd64_microsoft.windows.common-controls_6595b64144ccf1df_6.0.26100.2161_none_3e0cadb0e33078e1\COMCTL32.dll
0x00007ffd7de20000 - 0x00007ffd7de2b000 	C:\WINDOWS\SYSTEM32\VERSION.dll
0x00007ffd8e510000 - 0x00007ffd8e53f000 	C:\WINDOWS\System32\IMM32.DLL
0x00007ffd6ea00000 - 0x00007ffd6ea0c000 	C:\Program Files\Java\jdk-17\bin\vcruntime140_1.dll
0x00007ffd6a010000 - 0x00007ffd6a09e000 	C:\Program Files\Java\jdk-17\bin\msvcp140.dll
0x00007ffd69430000 - 0x00007ffd6a010000 	C:\Program Files\Java\jdk-17\bin\server\jvm.dll
0x00007ffd8d3a0000 - 0x00007ffd8d3a8000 	C:\WINDOWS\System32\PSAPI.DLL
0x00007ffd6f9c0000 - 0x00007ffd6f9ca000 	C:\WINDOWS\SYSTEM32\WSOCK32.dll
0x00007ffd8e960000 - 0x00007ffd8e9d4000 	C:\WINDOWS\System32\WS2_32.dll
0x00007ffd79610000 - 0x00007ffd79646000 	C:\WINDOWS\SYSTEM32\WINMM.dll
0x00007ffd8ad00000 - 0x00007ffd8ad1a000 	C:\WINDOWS\SYSTEM32\kernel.appcore.dll
0x00007ffd6e9c0000 - 0x00007ffd6e9ca000 	C:\Program Files\Java\jdk-17\bin\jimage.dll
0x00007ffd89740000 - 0x00007ffd89981000 	C:\WINDOWS\SYSTEM32\DBGHELP.DLL
0x00007ffd8e180000 - 0x00007ffd8e4fd000 	C:\WINDOWS\System32\combase.dll
0x00007ffd8d2b0000 - 0x00007ffd8d386000 	C:\WINDOWS\System32\OLEAUT32.dll
0x00007ffd6e080000 - 0x00007ffd6e0b9000 	C:\WINDOWS\SYSTEM32\dbgcore.DLL
0x00007ffd8c3e0000 - 0x00007ffd8c479000 	C:\WINDOWS\System32\bcryptPrimitives.dll
0x00007ffd6a8e0000 - 0x00007ffd6a905000 	C:\Program Files\Java\jdk-17\bin\java.dll
0x00007ffd69350000 - 0x00007ffd69427000 	C:\Program Files\Java\jdk-17\bin\jsvml.dll
0x00007ffd8c9d0000 - 0x00007ffd8d0cf000 	C:\WINDOWS\System32\SHELL32.dll
0x00007ffd89c00000 - 0x00007ffd8a42d000 	C:\WINDOWS\SYSTEM32\windows.storage.dll
0x00007ffd8e9e0000 - 0x00007ffd8eab3000 	C:\WINDOWS\System32\SHCORE.dll
0x00007ffd8c970000 - 0x00007ffd8c9cd000 	C:\WINDOWS\System32\shlwapi.dll
0x00007ffd8be00000 - 0x00007ffd8be2e000 	C:\WINDOWS\SYSTEM32\profapi.dll
0x00007ffd68b10000 - 0x00007ffd68b29000 	C:\Program Files\Java\jdk-17\bin\net.dll
0x00007ffd7f820000 - 0x00007ffd7f946000 	C:\WINDOWS\SYSTEM32\WINHTTP.dll
0x00007ffd8b1e0000 - 0x00007ffd8b248000 	C:\WINDOWS\system32\mswsock.dll
0x00007ffd68af0000 - 0x00007ffd68b06000 	C:\Program Files\Java\jdk-17\bin\nio.dll
0x00007ffd68ad0000 - 0x00007ffd68ae8000 	C:\Program Files\Java\jdk-17\bin\zip.dll
0x00007ffd58190000 - 0x00007ffd5819a000 	C:\Program Files\Java\jdk-17\bin\management.dll
0x00007ffd58180000 - 0x00007ffd5818b000 	C:\Program Files\Java\jdk-17\bin\management_ext.dll
0x00007ffd69330000 - 0x00007ffd69348000 	C:\WINDOWS\system32\napinsp.dll
0x00007ffd8a810000 - 0x00007ffd8a935000 	C:\WINDOWS\SYSTEM32\DNSAPI.dll
0x00007ffd8a7d0000 - 0x00007ffd8a801000 	C:\WINDOWS\SYSTEM32\IPHLPAPI.DLL
0x00007ffd8e070000 - 0x00007ffd8e07a000 	C:\WINDOWS\System32\NSI.dll
0x00007ffd69310000 - 0x00007ffd69322000 	C:\WINDOWS\System32\winrnr.dll
0x00007ffd692e0000 - 0x00007ffd69302000 	C:\WINDOWS\system32\nlansp_c.dll
0x00007ffd692c0000 - 0x00007ffd692d6000 	C:\WINDOWS\system32\wshbth.dll
0x00007ffd79200000 - 0x00007ffd7920b000 	C:\Windows\System32\rasadhlp.dll
0x00007ffd7ef70000 - 0x00007ffd7eff6000 	C:\WINDOWS\System32\fwpuclnt.dll
0x00007ffd8b590000 - 0x00007ffd8b5ac000 	C:\WINDOWS\SYSTEM32\CRYPTSP.dll
0x00007ffd8ac60000 - 0x00007ffd8ac98000 	C:\WINDOWS\system32\rsaenh.dll
0x00007ffd8b280000 - 0x00007ffd8b2ab000 	C:\WINDOWS\SYSTEM32\USERENV.dll
0x00007ffd8b720000 - 0x00007ffd8b746000 	C:\WINDOWS\SYSTEM32\bcrypt.dll
0x00007ffd8b410000 - 0x00007ffd8b41c000 	C:\WINDOWS\SYSTEM32\CRYPTBASE.dll
0x00007ffd7f6e0000 - 0x00007ffd7f6fe000 	C:\WINDOWS\SYSTEM32\dhcpcsvc6.DLL
0x00007ffd7f6b0000 - 0x00007ffd7f6d5000 	C:\WINDOWS\SYSTEM32\dhcpcsvc.DLL
0x00007ffd64320000 - 0x00007ffd6432e000 	C:\Program Files\Java\jdk-17\bin\sunmscapi.dll
0x00007ffd8c020000 - 0x00007ffd8c196000 	C:\WINDOWS\System32\CRYPT32.dll
0x00007ffd8b6e0000 - 0x00007ffd8b710000 	C:\WINDOWS\SYSTEM32\ncrypt.dll
0x00007ffd8b690000 - 0x00007ffd8b6cf000 	C:\WINDOWS\SYSTEM32\NTASN1.dll
0x00007ffd7f710000 - 0x00007ffd7f720000 	C:\Program Files\Java\jdk-17\bin\verify.dll

dbghelp: loaded successfully - version: 4.0.5 - missing functions: none
symbol engine: initialized successfully - sym options: 0x614 - pdb path: .;C:\Program Files\Java\jdk-17\bin;C:\WINDOWS\SYSTEM32;C:\WINDOWS\WinSxS\amd64_microsoft.windows.common-controls_6595b64144ccf1df_6.0.26100.2161_none_3e0cadb0e33078e1;C:\Program Files\Java\jdk-17\bin\server

VM Arguments:
jvm_args: -Dcom.sun.management.jmxremote -Dcom.sun.management.jmxremote.port=61846 -Dcom.sun.management.jmxremote.authenticate=false -Dcom.sun.management.jmxremote.ssl=false -Djava.rmi.server.hostname=localhost -Dspring.jmx.enabled=true -Dmanagement.endpoints.jmx.exposure.include=* -Dspring.application.admin.enabled=true -XX:TieredStopAtLevel=1 -Dspring.boot.project.name=dummy-Frs-project -Dfile.encoding=UTF-8 -Dstdout.encoding=UTF-8 -Dstderr.encoding=UTF-8 -XX:+ShowCodeDetailsInExceptionMessages 
java_command: com.example.demo.DummyFrsProjectApplication --spring.output.ansi.enabled=always
java_class_path (initial): C:\Users\ADMIN\OneDrive\Desktop\dummy-pro\dummy-Frs-project\target\classes;C:\Users\ADMIN\.m2\repository\jakarta\persistence\jakarta.persistence-api\3.1.0\jakarta.persistence-api-3.1.0.jar;C:\Users\ADMIN\.m2\repository\org\springframework\boot\spring-boot-starter-data-jpa\3.3.5\spring-boot-starter-data-jpa-3.3.5.jar;C:\Users\ADMIN\.m2\repository\org\springframework\boot\spring-boot-starter-aop\3.3.5\spring-boot-starter-aop-3.3.5.jar;C:\Users\ADMIN\.m2\repository\org\springframework\spring-aop\6.1.14\spring-aop-6.1.14.jar;C:\Users\ADMIN\.m2\repository\org\aspectj\aspectjweaver\1.9.22.1\aspectjweaver-1.9.22.1.jar;C:\Users\ADMIN\.m2\repository\org\springframework\boot\spring-boot-starter-jdbc\3.3.5\spring-boot-starter-jdbc-3.3.5.jar;C:\Users\ADMIN\.m2\repository\com\zaxxer\HikariCP\5.1.0\HikariCP-5.1.0.jar;C:\Users\ADMIN\.m2\repository\org\springframework\spring-jdbc\6.1.14\spring-jdbc-6.1.14.jar;C:\Users\ADMIN\.m2\repository\org\hibernate\orm\hibernate-core\6.5.3.Final\hibernate-core-6.5.3.Final.jar;C:\Users\ADMIN\.m2\repository\jakarta\transaction\jakarta.transaction-api\2.0.1\jakarta.transaction-api-2.0.1.jar;C:\Users\ADMIN\.m2\repository\org\jboss\logging\jboss-logging\3.5.3.Final\jboss-logging-3.5.3.Final.jar;C:\Users\ADMIN\.m2\repository\org\hibernate\common\hibernate-commons-annotations\6.0.6.Final\hibernate-commons-annotations-6.0.6.Final.jar;C:\Users\ADMIN\.m2\repository\io\smallrye\jandex\3.1.2\jandex-3.1.2.jar;C:\Users\ADMIN\.m2\repository\com\fasterxml\classmate\1.7.0\classmate-1.7.0.jar;C:\Users\ADMIN\.m2\repository\net\bytebuddy\byte-buddy\1.14.19\byte-buddy-1.14.19.jar;C:\Users\ADMIN\.m2\repository\org\glassfish\jaxb\jaxb-runtime\4.0.5\jaxb-runtime-4.0.5.jar;C:\Users\ADMIN\.m2\repository\org\glassfish\jaxb\jaxb-core\4.0.5\jaxb-core-4.0.5.jar;C:\Users\ADMIN\.m2\repository\org\eclipse\angus\angus-activation\2.0.2\angus-activation-2.0.2.jar;C:\Users\ADMIN\.m2\repository\org\glassfish\jaxb\txw2\4.0.5\txw2-4.0.5.jar;C:\Users\ADMIN
Launcher Type: SUN_STANDARD

[Global flags]
     intx CICompilerCount                          = 3                                         {product} {ergonomic}
     uint ConcGCThreads                            = 1                                         {product} {ergonomic}
     uint G1ConcRefinementThreads                  = 4                                         {product} {ergonomic}
   size_t G1HeapRegionSize                         = 1048576                                   {product} {ergonomic}
    uintx GCDrainStackTargetSize                   = 64                                        {product} {ergonomic}
   size_t InitialHeapSize                          = 67108864                                  {product} {ergonomic}
     bool ManagementServer                         = true                                      {product} {command line}
   size_t MarkStackSize                            = 4194304                                   {product} {ergonomic}
   size_t MaxHeapSize                              = 1050673152                                {product} {ergonomic}
   size_t MaxNewSize                               = 630194176                                 {product} {ergonomic}
   size_t MinHeapDeltaBytes                        = 1048576                                   {product} {ergonomic}
   size_t MinHeapSize                              = 8388608                                   {product} {ergonomic}
    uintx NonProfiledCodeHeapSize                  = 0                                      {pd product} {ergonomic}
     bool ProfileInterpreter                       = false                                  {pd product} {command line}
    uintx ProfiledCodeHeapSize                     = 0                                      {pd product} {ergonomic}
     bool ShowCodeDetailsInExceptionMessages       = true                                   {manageable} {command line}
   size_t SoftMaxHeapSize                          = 1050673152                             {manageable} {ergonomic}
     intx TieredStopAtLevel                        = 1                                         {product} {command line}
     bool UseCompressedClassPointers               = true                           {product lp64_product} {ergonomic}
     bool UseCompressedOops                        = true                           {product lp64_product} {ergonomic}
     bool UseG1GC                                  = true                                      {product} {ergonomic}
     bool UseLargePagesIndividualAllocation        = false                                  {pd product} {ergonomic}

Logging:
Log output configuration:
 #0: stdout all=warning uptime,level,tags
 #1: stderr all=off uptime,level,tags

Environment Variables:
JAVA_HOME=C:\Program Files\Java\jdk-17
PATH=C:/Users/ADMIN/OneDrive/Documents/Spring/sts-4.26.0.RELEASE//plugins/org.eclipse.justj.openjdk.hotspot.jre.full.win32.x86_64_21.0.4.v20240802-1551/jre/bin/server;C:/Users/ADMIN/OneDrive/Documents/Spring/sts-4.26.0.RELEASE//plugins/org.eclipse.justj.openjdk.hotspot.jre.full.win32.x86_64_21.0.4.v20240802-1551/jre/bin;C:\Program Files\Common Files\Oracle\Java\javapath;C:\Program Files (x86)\Common Files\Oracle\Java\java8path;C:\Program Files (x86)\Common Files\Oracle\Java\javapath;D:\oracle\product\10.2.0\db_1\bin;C:\WINDOWS\system32;C:\WINDOWS;C:\WINDOWS\System32\Wbem;C:\WINDOWS\System32\WindowsPowerShell\v1.0\;C:\WINDOWS\System32\OpenSSH\;C:\ProgramData\chocolatey\bin;E:\MinGW\bin;C:\Program Files\Java\jdk-17\bin;C:\Program Files\Git\cmd;C:\Program Files\apache-maven-3.9.9\bin;C:\Users\ADMIN\AppData\Local\Microsoft\WindowsApps;C:\Users\ADMIN\AppData\Local\Programs\Microsoft VS Code\bin;C:\MinGW\bin;C:\Users\ADMIN\AppData\Local\atom\bin;C:\Users\ADMIN\AppData\Local\GitHubDesktop\bin;C:\Users\ADMIN\AppData\Local\Microsoft\WindowsApps;;C:\Program Files\JetBrains\IntelliJ IDEA 2024.2.4\bin;;C:\Program Files\JetBrains\IntelliJ IDEA Community Edition 2024.2.4\bin;;C:\Users\ADMIN\OneDrive\Documents\Spring\sts-4.26.0.RELEASE;
USERNAME=ADMIN
OS=Windows_NT
PROCESSOR_IDENTIFIER=Intel64 Family 6 Model 142 Stepping 10, GenuineIntel



---------------  S Y S T E M  ---------------

OS:
 Windows 11 , 64 bit Build 26100 (10.0.26100.2161)
OS uptime: 1 days 0:05 hours
Hyper-V role detected

CPU: total 4 (initial active 4) (2 cores per cpu, 2 threads per core) family 6 model 142 stepping 10 microcode 0xe0, cx8, cmov, fxsr, ht, mmx, 3dnowpref, sse, sse2, sse3, ssse3, sse4.1, sse4.2, popcnt, lzcnt, tsc, tscinvbit, avx, avx2, aes, erms, clmul, bmi1, bmi2, adx, fma, vzeroupper, clflush, clflushopt, hv

Memory: 4k page, system-wide physical 4001M (160M free)
TotalPageFile size 12193M (AvailPageFile size 0M)
current process WorkingSet (physical memory assigned to process): 176M, peak: 179M
current process commit charge ("private bytes"): 226M, peak: 229M

vm_info: Java HotSpot(TM) 64-Bit Server VM (17.0.11+7-LTS-207) for windows-amd64 JRE (17.0.11+7-LTS-207), built on Mar 11 2024 19:01:50 by "mach5one" with MS VC++ 17.6 (VS2022)

END.
